Arguments: 
  /home/skmecs/.nvm/versions/node/v14.4.0/bin/node /home/skmecs/.yarn/releases/yarn-1.22.4.js init

PATH: 
  /home/skmecs/gems/bin:/home/skmecs/.nvm/versions/node/v14.4.0/bin:/home/skmecs/bin:/home/skmecs/.local/bin:/usr/local/sbin:/usr/local/bin:/usr/sbin:/usr/bin:/sbin:/bin:/usr/games:/usr/local/games:/snap/bin

Yarn version: 
  1.22.4

Node version: 
  14.4.0

Platform: 
  linux x64

Trace: 
  Error: canceled
      at Interface.<anonymous> (/home/skmecs/.yarn/releases/yarn-1.22.4.js:131419:13)
      at Interface.emit (events.js:315:20)
      at Interface._ttyWrite (readline.js:873:16)
      at ReadStream.onkeypress (readline.js:213:10)
      at ReadStream.emit (events.js:315:20)
      at emitKeys (internal/readline/utils.js:335:14)
      at emitKeys.next (<anonymous>)
      at ReadStream.onData (readline.js:1140:36)
      at ReadStream.emit (events.js:315:20)
      at addChunk (_stream_readable.js:302:12)

npm manifest: 
  {
    "name": "mafagafa",
    "version": "0.0.1",
    "description": "lalari",
    "main": "index.js",
    "authors": {
      "name": "Gil Fuser",
      "email": "gilfuser@gmail.com"
    },
    "repository": "https://github.com/Mafagafa/mafagafa.github.io/mafagafa",
    "scripts": {
      "dev": "vuepress dev docs",
      "build": "vuepress build docs"
    },
    "license": "MIT",
    "devDependencies": {
      "vuepress": "^1.3.1",
      "@vuepress/plugin-back-to-top": "^1.3.1",
      "@vuepress/plugin-medium-zoom": "^1.3.1"
    }
  }

yarn manifest: 
  No manifest

Lockfile: 
  No lockfile
